android/build/outputs/logs/manifest-merger-debug-report.txt
-- Merging decision tree log ---
manifest
ADDED from Jumbo\android\AndroidManifest.xml:7:1-31:12
INJECTED from Jumbo\android\AndroidManifest.xml:7:1-31:12
INJECTED from Jumbo\android\AndroidManifest.xml:7:1-31:12
INJECTED from Jumbo\android\AndroidManifest.xml:7:1-31:12
INJECTED from Jumbo\android\AndroidManifest.xml:7:1-31:12
INJECTED from Jumbo\android\AndroidManifest.xml:7:1-31:12
INJECTED from Jumbo\android\AndroidManifest.xml:7:1-31:12
	package
		ADDED from Jumbo\android\AndroidManifest.xml:8:5-29
		INJECTED from Jumbo\android\AndroidManifest.xml
		INJECTED from Jumbo\android\AndroidManifest.xml
	android:versionName
		ADDED from Jumbo\android\AndroidManifest.xml:10:5-30
		INJECTED from Jumbo\android\AndroidManifest.xml
		INJECTED from Jumbo\android\AndroidManifest.xml
	xmlns:android
		ADDED from Jumbo\android\AndroidManifest.xml:7:11-69
	android:versionCode
		ADDED from Jumbo\android\AndroidManifest.xml:9:5-28
		INJECTED from Jumbo\android\AndroidManifest.xml
		INJECTED from Jumbo\android\AndroidManifest.xml
uses-sdk
ADDED from Jumbo\android\AndroidManifest.xml:12:5-73
INJECTED from Jumbo\android\AndroidManifest.xml:12:5-73
INJECTED from Jumbo\android\AndroidManifest.xml:12:5-73
INJECTED from Jumbo\android\AndroidManifest.xml:12:5-73
INJECTED from Jumbo\android\AndroidManifest.xml:12:5-73
	android:targetSdkVersion
		ADDED from Jumbo\android\AndroidManifest.xml:12:41-70
		INJECTED from Jumbo\android\AndroidManifest.xml
		INJECTED from Jumbo\android\AndroidManifest.xml
	android:minSdkVersion
		ADDED from Jumbo\android\AndroidManifest.xml:12:15-40
		INJECTED from Jumbo\android\AndroidManifest.xml
		INJECTED from Jumbo\android\AndroidManifest.xml
application
ADDED from Jumbo\android\AndroidManifest.xml:14:5-29:19
	android:label
		ADDED from Jumbo\android\AndroidManifest.xml:17:9-41
	android:icon
		ADDED from Jumbo\android\AndroidManifest.xml:16:9-45
	android:allowBackup
		ADDED from Jumbo\android\AndroidManifest.xml:15:9-35
	android:theme
		ADDED from Jumbo\android\AndroidManifest.xml:18:9-40
activity#com.jumbo.game.AndroidLauncher
ADDED from Jumbo\android\AndroidManifest.xml:19:9-28:20
	android:screenOrientation
		ADDED from Jumbo\android\AndroidManifest.xml:22:13-49
	android:label
		ADDED from Jumbo\android\AndroidManifest.xml:21:13-45
	android:configChanges
		ADDED from Jumbo\android\AndroidManifest.xml:23:13-83
	android:name
		ADDED from Jumbo\android\AndroidManifest.xml:20:13-58
intent-filter#android.intent.action.MAIN+android.intent.category.LAUNCHER
ADDED from Jumbo\android\AndroidManifest.xml:24:13-27:29
action#android.intent.action.MAIN
ADDED from Jumbo\android\AndroidManifest.xml:25:17-69
	android:name
		ADDED from Jumbo\android\AndroidManifest.xml:25:25-66
category#android.intent.category.LAUNCHER
ADDED from Jumbo\android\AndroidManifest.xml:26:17-77
	android:name
		ADDED from Jumbo\android\AndroidManifest.xml:26:27-74